<?xml version="1.0" encoding="UTF-8"?>
<coverage generated="1550248831741" clover="3.2.0">
  <project timestamp="1550248831741" name="All files">
    <metrics statements="54" coveredstatements="54" conditionals="4" coveredconditionals="4" methods="24" coveredmethods="24" elements="82" coveredelements="82" complexity="0" loc="54" ncloc="54" packages="2" files="3" classes="3"/>
    <package name="jest">
      <metrics statements="5" coveredstatements="5" conditionals="0" coveredconditionals="0" methods="1" coveredmethods="1"/>
      <file name="index.js" path="/home/fin/Development/playground/nodejs/jest/index.js">
        <metrics statements="5" coveredstatements="5" conditionals="0" coveredconditionals="0" methods="1" coveredmethods="1"/>
        <line num="1" count="5" type="stmt"/>
        <line num="2" count="5" type="stmt"/>
        <line num="8" count="3" type="stmt"/>
        <line num="9" count="3" type="stmt"/>
        <line num="12" count="5" type="stmt"/>
      </file>
    </package>
    <package name="jest.src">
      <metrics statements="49" coveredstatements="49" conditionals="4" coveredconditionals="4" methods="23" coveredmethods="23"/>
      <file name="command.js" path="/home/fin/Development/playground/nodejs/jest/src/command.js">
        <metrics statements="45" coveredstatements="45" conditionals="4" coveredconditionals="4" methods="21" coveredmethods="21"/>
        <line num="1" count="5" type="stmt"/>
        <line num="2" count="5" type="stmt"/>
        <line num="13" count="32" type="cond" truecount="2" falsecount="0"/>
        <line num="14" count="21" type="stmt"/>
        <line num="16" count="11" type="stmt"/>
        <line num="17" count="11" type="cond" truecount="2" falsecount="0"/>
        <line num="18" count="10" type="stmt"/>
        <line num="20" count="1" type="stmt"/>
        <line num="27" count="10" type="stmt"/>
        <line num="28" count="10" type="stmt"/>
        <line num="29" count="10" type="stmt"/>
        <line num="47" count="8" type="stmt"/>
        <line num="64" count="1" type="stmt"/>
        <line num="81" count="1" type="stmt"/>
        <line num="94" count="10" type="stmt"/>
        <line num="95" count="10" type="stmt"/>
        <line num="96" count="10" type="stmt"/>
        <line num="97" count="10" type="stmt"/>
        <line num="106" count="1" type="stmt"/>
        <line num="108" count="1" type="stmt"/>
        <line num="118" count="1" type="stmt"/>
        <line num="120" count="1" type="stmt"/>
        <line num="129" count="4" type="stmt"/>
        <line num="131" count="4" type="stmt"/>
        <line num="140" count="10" type="stmt"/>
        <line num="141" count="10" type="stmt"/>
        <line num="142" count="10" type="stmt"/>
        <line num="147" count="10" type="stmt"/>
        <line num="148" count="10" type="stmt"/>
        <line num="150" count="10" type="stmt"/>
        <line num="151" count="10" type="stmt"/>
        <line num="153" count="10" type="stmt"/>
        <line num="154" count="7" type="stmt"/>
        <line num="156" count="10" type="stmt"/>
        <line num="158" count="10" type="stmt"/>
        <line num="159" count="10" type="stmt"/>
        <line num="160" count="10" type="stmt"/>
        <line num="161" count="10" type="stmt"/>
        <line num="163" count="10" type="stmt"/>
        <line num="180" count="1" type="stmt"/>
        <line num="197" count="8" type="stmt"/>
        <line num="214" count="1" type="stmt"/>
        <line num="226" count="4" type="stmt"/>
        <line num="227" count="10" type="stmt"/>
        <line num="231" count="5" type="stmt"/>
      </file>
      <file name="file.js" path="/home/fin/Development/playground/nodejs/jest/src/file.js">
        <metrics statements="4" coveredstatements="4" conditionals="0" coveredconditionals="0" methods="2" coveredmethods="2"/>
        <line num="1" count="5" type="stmt"/>
        <line num="10" count="4" type="stmt"/>
        <line num="11" count="2" type="stmt"/>
        <line num="15" count="5" type="stmt"/>
      </file>
    </package>
  </project>
</coverage>
