{"/home/fin/Development/playground/nodejs/jest/index.js": {"path":"/home/fin/Development/playground/nodejs/jest/index.js","statementMap":{"0":{"start":{"line":1,"column":16},"end":{"line":1,"column":43}},"1":{"start":{"line":2,"column":13},"end":{"line":2,"column":37}},"2":{"start":{"line":8,"column":4},"end":{"line":8,"column":20}},"3":{"start":{"line":9,"column":4},"end":{"line":9,"column":17}},"4":{"start":{"line":12,"column":0},"end":{"line":16,"column":2}}},"fnMap":{"0":{"name":"setup","decl":{"start":{"line":7,"column":9},"end":{"line":7,"column":14}},"loc":{"start":{"line":7,"column":17},"end":{"line":10,"column":1}},"line":7}},"branchMap":{},"s":{"0":5,"1":5,"2":3,"3":3,"4":5},"f":{"0":3},"b":{},"_coverageSchema":"43e27e138ebf9cfc5966b082cf9a028302ed4184","hash":"d455cce360c248490266f9733dd62998ecb3aad8"}
,"/home/fin/Development/playground/nodejs/jest/src/command.js": {"path":"/home/fin/Development/playground/nodejs/jest/src/command.js","statementMap":{"0":{"start":{"line":1,"column":18},"end":{"line":1,"column":42}},"1":{"start":{"line":2,"column":17},"end":{"line":2,"column":44}},"2":{"start":{"line":13,"column":8},"end":{"line":23,"column":9}},"3":{"start":{"line":14,"column":12},"end":{"line":14,"column":25}},"4":{"start":{"line":16,"column":12},"end":{"line":22,"column":15}},"5":{"start":{"line":17,"column":16},"end":{"line":21,"column":17}},"6":{"start":{"line":18,"column":20},"end":{"line":18,"column":48}},"7":{"start":{"line":20,"column":20},"end":{"line":20,"column":85}},"8":{"start":{"line":27,"column":8},"end":{"line":30,"column":11}},"9":{"start":{"line":28,"column":12},"end":{"line":28,"column":54}},"10":{"start":{"line":29,"column":12},"end":{"line":29,"column":48}},"11":{"start":{"line":47,"column":8},"end":{"line":47,"column":81}},"12":{"start":{"line":47,"column":65},"end":{"line":47,"column":79}},"13":{"start":{"line":64,"column":8},"end":{"line":64,"column":81}},"14":{"start":{"line":64,"column":65},"end":{"line":64,"column":79}},"15":{"start":{"line":81,"column":8},"end":{"line":81,"column":83}},"16":{"start":{"line":81,"column":65},"end":{"line":81,"column":81}},"17":{"start":{"line":94,"column":8},"end":{"line":94,"column":40}},"18":{"start":{"line":95,"column":8},"end":{"line":95,"column":24}},"19":{"start":{"line":96,"column":8},"end":{"line":96,"column":23}},"20":{"start":{"line":97,"column":8},"end":{"line":97,"column":30}},"21":{"start":{"line":106,"column":8},"end":{"line":106,"column":24}},"22":{"start":{"line":108,"column":8},"end":{"line":108,"column":20}},"23":{"start":{"line":118,"column":8},"end":{"line":118,"column":32}},"24":{"start":{"line":120,"column":8},"end":{"line":120,"column":20}},"25":{"start":{"line":129,"column":8},"end":{"line":129,"column":38}},"26":{"start":{"line":131,"column":8},"end":{"line":131,"column":20}},"27":{"start":{"line":140,"column":21},"end":{"line":140,"column":49}},"28":{"start":{"line":141,"column":24},"end":{"line":141,"column":36}},"29":{"start":{"line":142,"column":21},"end":{"line":145,"column":10}},"30":{"start":{"line":147,"column":23},"end":{"line":149,"column":10}},"31":{"start":{"line":148,"column":12},"end":{"line":148,"column":37}},"32":{"start":{"line":150,"column":25},"end":{"line":150,"column":46}},"33":{"start":{"line":151,"column":25},"end":{"line":151,"column":46}},"34":{"start":{"line":153,"column":8},"end":{"line":155,"column":9}},"35":{"start":{"line":154,"column":12},"end":{"line":154,"column":42}},"36":{"start":{"line":156,"column":8},"end":{"line":156,"column":25}},"37":{"start":{"line":158,"column":8},"end":{"line":158,"column":33}},"38":{"start":{"line":159,"column":8},"end":{"line":159,"column":25}},"39":{"start":{"line":160,"column":8},"end":{"line":160,"column":25}},"40":{"start":{"line":161,"column":8},"end":{"line":161,"column":32}},"41":{"start":{"line":163,"column":8},"end":{"line":163,"column":81}},"42":{"start":{"line":180,"column":8},"end":{"line":180,"column":50}},"43":{"start":{"line":197,"column":8},"end":{"line":197,"column":48}},"44":{"start":{"line":214,"column":8},"end":{"line":214,"column":48}},"45":{"start":{"line":226,"column":4},"end":{"line":228,"column":6}},"46":{"start":{"line":227,"column":8},"end":{"line":227,"column":58}},"47":{"start":{"line":231,"column":0},"end":{"line":235,"column":2}}},"fnMap":{"0":{"name":"(anonymous_0)","decl":{"start":{"line":12,"column":4},"end":{"line":12,"column":5}},"loc":{"start":{"line":12,"column":23},"end":{"line":24,"column":5}},"line":12},"1":{"name":"(anonymous_1)","decl":{"start":{"line":16,"column":18},"end":{"line":16,"column":19}},"loc":{"start":{"line":16,"column":39},"end":{"line":22,"column":13}},"line":16},"2":{"name":"(anonymous_2)","decl":{"start":{"line":26,"column":4},"end":{"line":26,"column":5}},"loc":{"start":{"line":26,"column":27},"end":{"line":31,"column":5}},"line":26},"3":{"name":"(anonymous_3)","decl":{"start":{"line":27,"column":25},"end":{"line":27,"column":26}},"loc":{"start":{"line":27,"column":57},"end":{"line":30,"column":9}},"line":27},"4":{"name":"(anonymous_4)","decl":{"start":{"line":46,"column":4},"end":{"line":46,"column":5}},"loc":{"start":{"line":46,"column":23},"end":{"line":48,"column":5}},"line":46},"5":{"name":"(anonymous_5)","decl":{"start":{"line":47,"column":35},"end":{"line":47,"column":36}},"loc":{"start":{"line":47,"column":65},"end":{"line":47,"column":79}},"line":47},"6":{"name":"(anonymous_6)","decl":{"start":{"line":63,"column":4},"end":{"line":63,"column":5}},"loc":{"start":{"line":63,"column":23},"end":{"line":65,"column":5}},"line":63},"7":{"name":"(anonymous_7)","decl":{"start":{"line":64,"column":35},"end":{"line":64,"column":36}},"loc":{"start":{"line":64,"column":65},"end":{"line":64,"column":79}},"line":64},"8":{"name":"(anonymous_8)","decl":{"start":{"line":80,"column":4},"end":{"line":80,"column":5}},"loc":{"start":{"line":80,"column":25},"end":{"line":82,"column":5}},"line":80},"9":{"name":"(anonymous_9)","decl":{"start":{"line":81,"column":35},"end":{"line":81,"column":36}},"loc":{"start":{"line":81,"column":65},"end":{"line":81,"column":81}},"line":81},"10":{"name":"(anonymous_10)","decl":{"start":{"line":93,"column":4},"end":{"line":93,"column":5}},"loc":{"start":{"line":93,"column":29},"end":{"line":98,"column":5}},"line":93},"11":{"name":"(anonymous_11)","decl":{"start":{"line":105,"column":4},"end":{"line":105,"column":5}},"loc":{"start":{"line":105,"column":17},"end":{"line":109,"column":5}},"line":105},"12":{"name":"(anonymous_12)","decl":{"start":{"line":117,"column":4},"end":{"line":117,"column":5}},"loc":{"start":{"line":117,"column":25},"end":{"line":121,"column":5}},"line":117},"13":{"name":"(anonymous_13)","decl":{"start":{"line":128,"column":4},"end":{"line":128,"column":5}},"loc":{"start":{"line":128,"column":29},"end":{"line":132,"column":5}},"line":128},"14":{"name":"(anonymous_14)","decl":{"start":{"line":139,"column":4},"end":{"line":139,"column":5}},"loc":{"start":{"line":139,"column":13},"end":{"line":164,"column":5}},"line":139},"15":{"name":"(anonymous_15)","decl":{"start":{"line":147,"column":35},"end":{"line":147,"column":36}},"loc":{"start":{"line":147,"column":56},"end":{"line":149,"column":9}},"line":147},"16":{"name":"(anonymous_16)","decl":{"start":{"line":179,"column":4},"end":{"line":179,"column":5}},"loc":{"start":{"line":179,"column":25},"end":{"line":181,"column":5}},"line":179},"17":{"name":"(anonymous_17)","decl":{"start":{"line":196,"column":4},"end":{"line":196,"column":5}},"loc":{"start":{"line":196,"column":23},"end":{"line":198,"column":5}},"line":196},"18":{"name":"(anonymous_18)","decl":{"start":{"line":213,"column":4},"end":{"line":213,"column":5}},"loc":{"start":{"line":213,"column":23},"end":{"line":215,"column":5}},"line":213},"19":{"name":"setup","decl":{"start":{"line":221,"column":9},"end":{"line":221,"column":14}},"loc":{"start":{"line":221,"column":17},"end":{"line":229,"column":1}},"line":221},"20":{"name":"(anonymous_20)","decl":{"start":{"line":226,"column":21},"end":{"line":226,"column":22}},"loc":{"start":{"line":226,"column":38},"end":{"line":228,"column":5}},"line":226}},"branchMap":{"0":{"loc":{"start":{"line":13,"column":8},"end":{"line":23,"column":9}},"type":"if","locations":[{"start":{"line":13,"column":8},"end":{"line":23,"column":9}},{"start":{"line":13,"column":8},"end":{"line":23,"column":9}}],"line":13},"1":{"loc":{"start":{"line":17,"column":16},"end":{"line":21,"column":17}},"type":"if","locations":[{"start":{"line":17,"column":16},"end":{"line":21,"column":17}},{"start":{"line":17,"column":16},"end":{"line":21,"column":17}}],"line":17}},"s":{"0":5,"1":5,"2":32,"3":21,"4":11,"5":11,"6":10,"7":1,"8":10,"9":10,"10":10,"11":8,"12":8,"13":1,"14":1,"15":1,"16":1,"17":10,"18":10,"19":10,"20":10,"21":1,"22":1,"23":1,"24":1,"25":4,"26":4,"27":10,"28":10,"29":10,"30":10,"31":10,"32":10,"33":10,"34":10,"35":7,"36":10,"37":10,"38":10,"39":10,"40":10,"41":10,"42":1,"43":8,"44":1,"45":4,"46":10,"47":5},"f":{"0":32,"1":11,"2":10,"3":10,"4":8,"5":8,"6":1,"7":1,"8":1,"9":1,"10":10,"11":1,"12":1,"13":4,"14":10,"15":10,"16":1,"17":8,"18":1,"19":4,"20":10},"b":{"0":[21,11],"1":[10,1]},"_coverageSchema":"43e27e138ebf9cfc5966b082cf9a028302ed4184","hash":"5a2d482fc91d8d95359ec95733eacec9e41298fd"}
,"/home/fin/Development/playground/nodejs/jest/src/file.js": {"path":"/home/fin/Development/playground/nodejs/jest/src/file.js","statementMap":{"0":{"start":{"line":1,"column":25},"end":{"line":1,"column":38}},"1":{"start":{"line":10,"column":4},"end":{"line":12,"column":6}},"2":{"start":{"line":11,"column":8},"end":{"line":11,"column":56}},"3":{"start":{"line":15,"column":0},"end":{"line":17,"column":2}}},"fnMap":{"0":{"name":"setup","decl":{"start":{"line":6,"column":9},"end":{"line":6,"column":14}},"loc":{"start":{"line":6,"column":17},"end":{"line":13,"column":1}},"line":6},"1":{"name":"(anonymous_1)","decl":{"start":{"line":10,"column":18},"end":{"line":10,"column":19}},"loc":{"start":{"line":10,"column":42},"end":{"line":12,"column":5}},"line":10}},"branchMap":{},"s":{"0":5,"1":4,"2":2,"3":5},"f":{"0":4,"1":2},"b":{},"_coverageSchema":"43e27e138ebf9cfc5966b082cf9a028302ed4184","hash":"60793a346dab3fca7f859f90f15484cb507fcd02"}
}
