TN:
SF:/home/fin/Development/playground/nodejs/jest/index.js
FN:7,setup
FNF:1
FNH:1
FNDA:3,setup
DA:1,5
DA:2,5
DA:8,3
DA:9,3
DA:12,5
LF:5
LH:5
BRF:0
BRH:0
end_of_record
TN:
SF:/home/fin/Development/playground/nodejs/jest/src/command.js
FN:12,(anonymous_0)
FN:16,(anonymous_1)
FN:26,(anonymous_2)
FN:27,(anonymous_3)
FN:46,(anonymous_4)
FN:47,(anonymous_5)
FN:63,(anonymous_6)
FN:64,(anonymous_7)
FN:80,(anonymous_8)
FN:81,(anonymous_9)
FN:93,(anonymous_10)
FN:105,(anonymous_11)
FN:117,(anonymous_12)
FN:128,(anonymous_13)
FN:139,(anonymous_14)
FN:147,(anonymous_15)
FN:179,(anonymous_16)
FN:196,(anonymous_17)
FN:213,(anonymous_18)
FN:221,setup
FN:226,(anonymous_20)
FNF:21
FNH:21
FNDA:32,(anonymous_0)
FNDA:11,(anonymous_1)
FNDA:10,(anonymous_2)
FNDA:10,(anonymous_3)
FNDA:8,(anonymous_4)
FNDA:8,(anonymous_5)
FNDA:1,(anonymous_6)
FNDA:1,(anonymous_7)
FNDA:1,(anonymous_8)
FNDA:1,(anonymous_9)
FNDA:10,(anonymous_10)
FNDA:1,(anonymous_11)
FNDA:1,(anonymous_12)
FNDA:4,(anonymous_13)
FNDA:10,(anonymous_14)
FNDA:10,(anonymous_15)
FNDA:1,(anonymous_16)
FNDA:8,(anonymous_17)
FNDA:1,(anonymous_18)
FNDA:4,setup
FNDA:10,(anonymous_20)
DA:1,5
DA:2,5
DA:13,32
DA:14,21
DA:16,11
DA:17,11
DA:18,10
DA:20,1
DA:27,10
DA:28,10
DA:29,10
DA:47,8
DA:64,1
DA:81,1
DA:94,10
DA:95,10
DA:96,10
DA:97,10
DA:106,1
DA:108,1
DA:118,1
DA:120,1
DA:129,4
DA:131,4
DA:140,10
DA:141,10
DA:142,10
DA:147,10
DA:148,10
DA:150,10
DA:151,10
DA:153,10
DA:154,7
DA:156,10
DA:158,10
DA:159,10
DA:160,10
DA:161,10
DA:163,10
DA:180,1
DA:197,8
DA:214,1
DA:226,4
DA:227,10
DA:231,5
LF:45
LH:45
BRDA:13,0,0,21
BRDA:13,0,1,11
BRDA:17,1,0,10
BRDA:17,1,1,1
BRF:4
BRH:4
end_of_record
TN:
SF:/home/fin/Development/playground/nodejs/jest/src/file.js
FN:6,setup
FN:10,(anonymous_1)
FNF:2
FNH:2
FNDA:4,setup
FNDA:2,(anonymous_1)
DA:1,5
DA:10,4
DA:11,2
DA:15,5
LF:4
LH:4
BRF:0
BRH:0
end_of_record
